0 info it worked if it ends with ok
1 verbose cli [ '/usr/local/bin/node', '/usr/local/bin/npm', 'install' ]
2 info using npm@2.14.4
3 info using node@v4.1.1
4 verbose readDependencies loading dependencies from /Users/admin/Sites/DeveloperTools/360-vids/package.json
5 warn package.json 360-vids@ No description
6 warn package.json 360-vids@ No repository field.
7 warn package.json 360-vids@ No README data
8 warn package.json 360-vids@ No license field.
9 verbose install where, deps [ '/Users/admin/Sites/DeveloperTools/360-vids',
9 verbose install   [ 'apache-server-configs',
9 verbose install     'grunt',
9 verbose install     'grunt-autoprefixer',
9 verbose install     'grunt-concurrent',
9 verbose install     'grunt-contrib-clean',
9 verbose install     'grunt-contrib-concat',
9 verbose install     'grunt-contrib-connect',
9 verbose install     'grunt-contrib-copy',
9 verbose install     'grunt-contrib-cssmin',
9 verbose install     'grunt-contrib-htmlmin',
9 verbose install     'grunt-contrib-imagemin',
9 verbose install     'grunt-contrib-jshint',
9 verbose install     'grunt-contrib-uglify',
9 verbose install     'grunt-contrib-watch',
9 verbose install     'grunt-mocha',
9 verbose install     'grunt-newer',
9 verbose install     'grunt-rev',
9 verbose install     'grunt-svgmin',
9 verbose install     'grunt-usemin',
9 verbose install     'grunt-wiredep',
9 verbose install     'jshint-stylish',
9 verbose install     'load-grunt-tasks',
9 verbose install     'time-grunt',
9 verbose install     'jquery.valiant360' ] ]
10 verbose install where, peers [ '/Users/admin/Sites/DeveloperTools/360-vids', [] ]
11 verbose installManyTop reading for lifecycle /Users/admin/Sites/DeveloperTools/360-vids/package.json
12 info preinstall 360-vids@
13 verbose installManyTop reading scoped package data from /Users/admin/Sites/DeveloperTools/360-vids/node_modules/apache-server-configs/package.json
14 verbose installManyTop reading scoped package data from /Users/admin/Sites/DeveloperTools/360-vids/node_modules/grunt/package.json
15 verbose installManyTop reading scoped package data from /Users/admin/Sites/DeveloperTools/360-vids/node_modules/grunt-autoprefixer/package.json
16 verbose installManyTop reading scoped package data from /Users/admin/Sites/DeveloperTools/360-vids/node_modules/grunt-concurrent/package.json
17 verbose installManyTop reading scoped package data from /Users/admin/Sites/DeveloperTools/360-vids/node_modules/grunt-contrib-clean/package.json
18 verbose installManyTop reading scoped package data from /Users/admin/Sites/DeveloperTools/360-vids/node_modules/grunt-contrib-concat/package.json
19 verbose installManyTop reading scoped package data from /Users/admin/Sites/DeveloperTools/360-vids/node_modules/grunt-contrib-connect/package.json
20 verbose installManyTop reading scoped package data from /Users/admin/Sites/DeveloperTools/360-vids/node_modules/grunt-contrib-copy/package.json
21 verbose installManyTop reading scoped package data from /Users/admin/Sites/DeveloperTools/360-vids/node_modules/grunt-contrib-cssmin/package.json
22 verbose installManyTop reading scoped package data from /Users/admin/Sites/DeveloperTools/360-vids/node_modules/grunt-contrib-htmlmin/package.json
23 verbose installManyTop reading scoped package data from /Users/admin/Sites/DeveloperTools/360-vids/node_modules/grunt-contrib-imagemin/package.json
24 verbose installManyTop reading scoped package data from /Users/admin/Sites/DeveloperTools/360-vids/node_modules/grunt-contrib-jshint/package.json
25 verbose installManyTop reading scoped package data from /Users/admin/Sites/DeveloperTools/360-vids/node_modules/grunt-contrib-uglify/package.json
26 verbose installManyTop reading scoped package data from /Users/admin/Sites/DeveloperTools/360-vids/node_modules/grunt-contrib-watch/package.json
27 verbose installManyTop reading scoped package data from /Users/admin/Sites/DeveloperTools/360-vids/node_modules/grunt-mocha/package.json
28 verbose installManyTop reading scoped package data from /Users/admin/Sites/DeveloperTools/360-vids/node_modules/grunt-newer/package.json
29 verbose installManyTop reading scoped package data from /Users/admin/Sites/DeveloperTools/360-vids/node_modules/grunt-rev/package.json
30 verbose installManyTop reading scoped package data from /Users/admin/Sites/DeveloperTools/360-vids/node_modules/grunt-svgmin/package.json
31 verbose installManyTop reading scoped package data from /Users/admin/Sites/DeveloperTools/360-vids/node_modules/grunt-usemin/package.json
32 verbose installManyTop reading scoped package data from /Users/admin/Sites/DeveloperTools/360-vids/node_modules/grunt-wiredep/package.json
33 verbose installManyTop reading scoped package data from /Users/admin/Sites/DeveloperTools/360-vids/node_modules/jshint-stylish/package.json
34 verbose installManyTop reading scoped package data from /Users/admin/Sites/DeveloperTools/360-vids/node_modules/load-grunt-tasks/package.json
35 verbose installManyTop reading scoped package data from /Users/admin/Sites/DeveloperTools/360-vids/node_modules/time-grunt/package.json
36 info package.json grunt@0.4.5 No license field.
37 info package.json grunt-concurrent@0.5.0 No license field.
38 info package.json grunt-rev@0.1.0 No license field.
39 info package.json apache-server-configs@2.14.0 license should be a valid SPDX license expression
40 info package.json grunt-contrib-clean@0.6.0 No license field.
41 info package.json grunt-contrib-connect@0.8.0 No license field.
42 info package.json grunt-contrib-copy@0.5.0 No license field.
43 info package.json grunt-contrib-imagemin@0.8.1 No license field.
44 info package.json grunt-contrib-concat@0.5.1 No license field.
45 info package.json grunt-contrib-htmlmin@0.3.0 No license field.
46 info package.json grunt-contrib-uglify@0.5.1 No license field.
47 info package.json grunt-contrib-cssmin@0.10.0 No license field.
48 info package.json grunt-contrib-watch@0.6.1 No license field.
49 info package.json grunt-contrib-jshint@0.10.0 No license field.
50 info package.json grunt-svgmin@0.4.0 No license field.
51 info package.json grunt-mocha@0.4.12 No license field.
52 info package.json grunt-newer@0.7.0 No license field.
53 info package.json grunt-wiredep@1.9.0 No license field.
54 verbose readDependencies loading dependencies from /Users/admin/Sites/DeveloperTools/360-vids/package.json
55 verbose targetResolver reading package data from /Users/admin/Sites/DeveloperTools/360-vids/node_modules/apache-server-configs/package.json
56 verbose targetResolver reading package data from /Users/admin/Sites/DeveloperTools/360-vids/node_modules/grunt/package.json
57 verbose targetResolver reading package data from /Users/admin/Sites/DeveloperTools/360-vids/node_modules/grunt-autoprefixer/package.json
58 verbose targetResolver reading package data from /Users/admin/Sites/DeveloperTools/360-vids/node_modules/grunt-concurrent/package.json
59 verbose targetResolver reading package data from /Users/admin/Sites/DeveloperTools/360-vids/node_modules/grunt-contrib-clean/package.json
60 verbose targetResolver reading package data from /Users/admin/Sites/DeveloperTools/360-vids/node_modules/grunt-contrib-concat/package.json
61 verbose targetResolver reading package data from /Users/admin/Sites/DeveloperTools/360-vids/node_modules/grunt-contrib-connect/package.json
62 verbose targetResolver reading package data from /Users/admin/Sites/DeveloperTools/360-vids/node_modules/grunt-contrib-copy/package.json
63 verbose targetResolver reading package data from /Users/admin/Sites/DeveloperTools/360-vids/node_modules/grunt-contrib-cssmin/package.json
64 verbose targetResolver reading package data from /Users/admin/Sites/DeveloperTools/360-vids/node_modules/grunt-contrib-htmlmin/package.json
65 verbose targetResolver reading package data from /Users/admin/Sites/DeveloperTools/360-vids/node_modules/grunt-contrib-imagemin/package.json
66 verbose targetResolver reading package data from /Users/admin/Sites/DeveloperTools/360-vids/node_modules/grunt-contrib-jshint/package.json
67 verbose targetResolver reading package data from /Users/admin/Sites/DeveloperTools/360-vids/node_modules/grunt-contrib-uglify/package.json
68 verbose targetResolver reading package data from /Users/admin/Sites/DeveloperTools/360-vids/node_modules/grunt-contrib-watch/package.json
69 verbose targetResolver reading package data from /Users/admin/Sites/DeveloperTools/360-vids/node_modules/grunt-mocha/package.json
70 verbose targetResolver reading package data from /Users/admin/Sites/DeveloperTools/360-vids/node_modules/grunt-newer/package.json
71 verbose targetResolver reading package data from /Users/admin/Sites/DeveloperTools/360-vids/node_modules/grunt-rev/package.json
72 verbose targetResolver reading package data from /Users/admin/Sites/DeveloperTools/360-vids/node_modules/grunt-svgmin/package.json
73 verbose targetResolver reading package data from /Users/admin/Sites/DeveloperTools/360-vids/node_modules/grunt-usemin/package.json
74 verbose targetResolver reading package data from /Users/admin/Sites/DeveloperTools/360-vids/node_modules/grunt-wiredep/package.json
75 verbose targetResolver reading package data from /Users/admin/Sites/DeveloperTools/360-vids/node_modules/jshint-stylish/package.json
76 verbose targetResolver reading package data from /Users/admin/Sites/DeveloperTools/360-vids/node_modules/load-grunt-tasks/package.json
77 verbose targetResolver reading package data from /Users/admin/Sites/DeveloperTools/360-vids/node_modules/time-grunt/package.json
78 verbose already installed skipping grunt-rev@^0.1.0 /Users/admin/Sites/DeveloperTools/360-vids
79 verbose already installed skipping grunt-svgmin@^0.4.0 /Users/admin/Sites/DeveloperTools/360-vids
80 verbose already installed skipping grunt-usemin@^2.3.0 /Users/admin/Sites/DeveloperTools/360-vids
81 verbose already installed skipping grunt-wiredep@^1.7.0 /Users/admin/Sites/DeveloperTools/360-vids
82 verbose already installed skipping jshint-stylish@^0.4.0 /Users/admin/Sites/DeveloperTools/360-vids
83 verbose already installed skipping load-grunt-tasks@^0.4.0 /Users/admin/Sites/DeveloperTools/360-vids
84 verbose already installed skipping time-grunt@^0.4.0 /Users/admin/Sites/DeveloperTools/360-vids
85 silly cache add args [ 'jquery.valiant360@^0.3.0', null ]
86 verbose cache add spec jquery.valiant360@^0.3.0
87 silly cache add parsed spec Result {
87 silly cache add   raw: 'jquery.valiant360@^0.3.0',
87 silly cache add   scope: null,
87 silly cache add   name: 'jquery.valiant360',
87 silly cache add   rawSpec: '^0.3.0',
87 silly cache add   spec: '>=0.3.0 <0.4.0',
87 silly cache add   type: 'range' }
88 silly addNamed jquery.valiant360@>=0.3.0 <0.4.0
89 verbose addNamed ">=0.3.0 <0.4.0" is a valid semver range for jquery.valiant360
90 silly addNameRange { name: 'jquery.valiant360',
90 silly addNameRange   range: '>=0.3.0 <0.4.0',
90 silly addNameRange   hasData: false }
91 silly mapToRegistry name jquery.valiant360
92 silly mapToRegistry using default registry
93 silly mapToRegistry registry https://registry.npmjs.org/
94 silly mapToRegistry uri https://registry.npmjs.org/jquery.valiant360
95 verbose addNameRange registry:https://registry.npmjs.org/jquery.valiant360 not in flight; fetching
96 verbose already installed skipping apache-server-configs@^2.7.1 /Users/admin/Sites/DeveloperTools/360-vids
97 verbose already installed skipping grunt-autoprefixer@^1.0.0 /Users/admin/Sites/DeveloperTools/360-vids
98 verbose already installed skipping grunt@^0.4.5 /Users/admin/Sites/DeveloperTools/360-vids
99 verbose already installed skipping grunt-concurrent@^0.5.0 /Users/admin/Sites/DeveloperTools/360-vids
100 verbose already installed skipping grunt-contrib-clean@^0.6.0 /Users/admin/Sites/DeveloperTools/360-vids
101 verbose request uri https://registry.npmjs.org/jquery.valiant360
102 verbose request no auth needed
103 info attempt registry request try #1 at 5:28:17 PM
104 verbose request id 670674021214158f
105 http request GET https://registry.npmjs.org/jquery.valiant360
106 verbose already installed skipping grunt-contrib-concat@^0.5.0 /Users/admin/Sites/DeveloperTools/360-vids
107 verbose already installed skipping grunt-contrib-connect@^0.8.0 /Users/admin/Sites/DeveloperTools/360-vids
108 verbose already installed skipping grunt-contrib-copy@^0.5.0 /Users/admin/Sites/DeveloperTools/360-vids
109 verbose already installed skipping grunt-contrib-cssmin@^0.10.0 /Users/admin/Sites/DeveloperTools/360-vids
110 verbose already installed skipping grunt-contrib-htmlmin@^0.3.0 /Users/admin/Sites/DeveloperTools/360-vids
111 verbose already installed skipping grunt-contrib-imagemin@^0.8.0 /Users/admin/Sites/DeveloperTools/360-vids
112 verbose already installed skipping grunt-contrib-jshint@^0.10.0 /Users/admin/Sites/DeveloperTools/360-vids
113 verbose already installed skipping grunt-contrib-uglify@^0.5.1 /Users/admin/Sites/DeveloperTools/360-vids
114 verbose already installed skipping grunt-contrib-watch@^0.6.1 /Users/admin/Sites/DeveloperTools/360-vids
115 verbose already installed skipping grunt-mocha@^0.4.10 /Users/admin/Sites/DeveloperTools/360-vids
116 verbose already installed skipping grunt-newer@^0.7.0 /Users/admin/Sites/DeveloperTools/360-vids
117 http 404 https://registry.npmjs.org/jquery.valiant360
118 verbose headers { 'content-type': 'application/json',
118 verbose headers   'cache-control': 'max-age=0',
118 verbose headers   'content-length': '2',
118 verbose headers   'accept-ranges': 'bytes',
118 verbose headers   date: 'Fri, 30 Oct 2015 17:28:18 GMT',
118 verbose headers   via: '1.1 varnish',
118 verbose headers   age: '0',
118 verbose headers   connection: 'keep-alive',
118 verbose headers   'x-served-by': 'cache-lcy1127-LCY',
118 verbose headers   'x-cache': 'MISS',
118 verbose headers   'x-cache-hits': '0',
118 verbose headers   'x-timer': 'S1446226098.047798,VS0,VE169' }
119 silly get cb [ 404,
119 silly get   { 'content-type': 'application/json',
119 silly get     'cache-control': 'max-age=0',
119 silly get     'content-length': '2',
119 silly get     'accept-ranges': 'bytes',
119 silly get     date: 'Fri, 30 Oct 2015 17:28:18 GMT',
119 silly get     via: '1.1 varnish',
119 silly get     age: '0',
119 silly get     connection: 'keep-alive',
119 silly get     'x-served-by': 'cache-lcy1127-LCY',
119 silly get     'x-cache': 'MISS',
119 silly get     'x-cache-hits': '0',
119 silly get     'x-timer': 'S1446226098.047798,VS0,VE169' } ]
120 verbose stack Error: Registry returned 404 for GET on https://registry.npmjs.org/jquery.valiant360
120 verbose stack     at makeError (/usr/local/lib/node_modules/npm/node_modules/npm-registry-client/lib/request.js:263:12)
120 verbose stack     at CachingRegistryClient.<anonymous> (/usr/local/lib/node_modules/npm/node_modules/npm-registry-client/lib/request.js:241:14)
120 verbose stack     at Request._callback (/usr/local/lib/node_modules/npm/node_modules/npm-registry-client/lib/request.js:171:14)
120 verbose stack     at Request.self.callback (/usr/local/lib/node_modules/npm/node_modules/request/request.js:198:22)
120 verbose stack     at emitTwo (events.js:87:13)
120 verbose stack     at Request.emit (events.js:172:7)
120 verbose stack     at Request.<anonymous> (/usr/local/lib/node_modules/npm/node_modules/request/request.js:1073:14)
120 verbose stack     at emitOne (events.js:82:20)
120 verbose stack     at Request.emit (events.js:169:7)
120 verbose stack     at IncomingMessage.<anonymous> (/usr/local/lib/node_modules/npm/node_modules/request/request.js:1019:12)
121 verbose statusCode 404
122 verbose pkgid jquery.valiant360
123 verbose cwd /Users/admin/Sites/DeveloperTools/360-vids
124 error Darwin 14.5.0
125 error argv "/usr/local/bin/node" "/usr/local/bin/npm" "install"
126 error node v4.1.1
127 error npm  v2.14.4
128 error code E404
129 error 404 Registry returned 404 for GET on https://registry.npmjs.org/jquery.valiant360
129 error 404
129 error 404 'jquery.valiant360' is not in the npm registry.
129 error 404 You should bug the author to publish it (or use the name yourself!)
129 error 404 It was specified as a dependency of '360-vids'
129 error 404
129 error 404 Note that you can also install from a
129 error 404 tarball, folder, http url, or git url.
130 verbose exit [ 1, true ]
